[debug] [2025-08-17T12:40:49.705Z] ----------------------------------------------------------------------
[debug] [2025-08-17T12:40:49.710Z] Command:       /Users/g/.nvm/versions/node/v20.19.4/bin/node /Users/g/.nvm/versions/node/v20.19.4/bin/firebase deploy --only functions --project c----b --force --debug
[debug] [2025-08-17T12:40:49.710Z] CLI Version:   14.11.2
[debug] [2025-08-17T12:40:49.710Z] Platform:      darwin
[debug] [2025-08-17T12:40:49.710Z] Node Version:  v20.19.4
[debug] [2025-08-17T12:40:49.710Z] Time:          Sun Aug 17 2025 20:40:49 GMT+0800 (香港标准时间)
[debug] [2025-08-17T12:40:49.711Z] ----------------------------------------------------------------------
[debug] 
[debug] [2025-08-17T12:40:49.849Z] Object "/emulators/functions" in "firebase.json" has unknown property: {"additionalProperty":"inspectFunctions"}
[debug] [2025-08-17T12:40:49.852Z] > command requires scopes: ["email","openid","https://www.googleapis.com/auth/cloudplatformprojects.readonly","https://www.googleapis.com/auth/firebase","https://www.googleapis.com/auth/cloud-platform"]
[debug] [2025-08-17T12:40:49.852Z] > authorizing via signed-in user (iptathay@gmail.com)
[debug] [2025-08-17T12:40:49.852Z] [iam] checking project c----b for permissions ["cloudfunctions.functions.create","cloudfunctions.functions.delete","cloudfunctions.functions.get","cloudfunctions.functions.list","cloudfunctions.functions.update","cloudfunctions.operations.get","firebase.projects.get"]
[debug] [2025-08-17T12:40:49.853Z] Checked if tokens are valid: true, expires at: 1755436228111
[debug] [2025-08-17T12:40:49.854Z] Checked if tokens are valid: true, expires at: 1755436228111
[debug] [2025-08-17T12:40:49.854Z] >>> [apiv2][query] POST https://cloudresourcemanager.googleapis.com/v1/projects/c----b:testIamPermissions [none]
[debug] [2025-08-17T12:40:49.854Z] >>> [apiv2][(partial)header] POST https://cloudresourcemanager.googleapis.com/v1/projects/c----b:testIamPermissions x-goog-quota-user=projects/c----b
[debug] [2025-08-17T12:40:49.854Z] >>> [apiv2][body] POST https://cloudresourcemanager.googleapis.com/v1/projects/c----b:testIamPermissions {"permissions":["cloudfunctions.functions.create","cloudfunctions.functions.delete","cloudfunctions.functions.get","cloudfunctions.functions.list","cloudfunctions.functions.update","cloudfunctions.operations.get","firebase.projects.get"]}
[debug] [2025-08-17T12:40:51.250Z] <<< [apiv2][status] POST https://cloudresourcemanager.googleapis.com/v1/projects/c----b:testIamPermissions 200
[debug] [2025-08-17T12:40:51.251Z] <<< [apiv2][body] POST https://cloudresourcemanager.googleapis.com/v1/projects/c----b:testIamPermissions {"permissions":["cloudfunctions.functions.create","cloudfunctions.functions.delete","cloudfunctions.functions.get","cloudfunctions.functions.list","cloudfunctions.functions.update","cloudfunctions.operations.get","firebase.projects.get"]}
[debug] [2025-08-17T12:40:51.252Z] Checked if tokens are valid: true, expires at: 1755436228111
[debug] [2025-08-17T12:40:51.252Z] Checked if tokens are valid: true, expires at: 1755436228111
[debug] [2025-08-17T12:40:51.252Z] >>> [apiv2][query] POST https://iam.googleapis.com/v1/projects/c----b/serviceAccounts/c----b@appspot.gserviceaccount.com:testIamPermissions [none]
[debug] [2025-08-17T12:40:51.252Z] >>> [apiv2][body] POST https://iam.googleapis.com/v1/projects/c----b/serviceAccounts/c----b@appspot.gserviceaccount.com:testIamPermissions {"permissions":["iam.serviceAccounts.actAs"]}
[debug] [2025-08-17T12:40:52.783Z] <<< [apiv2][status] POST https://iam.googleapis.com/v1/projects/c----b/serviceAccounts/c----b@appspot.gserviceaccount.com:testIamPermissions 200
[debug] [2025-08-17T12:40:52.784Z] <<< [apiv2][body] POST https://iam.googleapis.com/v1/projects/c----b/serviceAccounts/c----b@appspot.gserviceaccount.com:testIamPermissions {"permissions":["iam.serviceAccounts.actAs"]}
[info] 
[info] === Deploying to 'c----b'...
[info] 
[info] i  deploying functions 
[debug] [2025-08-17T12:40:52.787Z] Checked if tokens are valid: true, expires at: 1755436228111
[debug] [2025-08-17T12:40:52.787Z] Checked if tokens are valid: true, expires at: 1755436228111
[debug] [2025-08-17T12:40:52.787Z] >>> [apiv2][query] GET https://cloudresourcemanager.googleapis.com/v1/projects/c----b [none]
[debug] [2025-08-17T12:40:53.074Z] <<< [apiv2][status] GET https://cloudresourcemanager.googleapis.com/v1/projects/c----b 200
[debug] [2025-08-17T12:40:53.075Z] <<< [apiv2][body] GET https://cloudresourcemanager.googleapis.com/v1/projects/c----b {"projectNumber":"182172071762","projectId":"c----b","lifecycleState":"ACTIVE","name":"c----b","labels":{"firebase":"enabled","firebase-core":"disabled"},"createTime":"2025-08-02T15:22:49.637268Z"}
[info] i  functions: preparing codebase default for deployment 
[info] i  functions: ensuring required API cloudfunctions.googleapis.com is enabled... 
[info] i  functions: ensuring required API cloudbuild.googleapis.com is enabled... 
[info] i  artifactregistry: ensuring required API artifactregistry.googleapis.com is enabled... 
[debug] [2025-08-17T12:40:53.078Z] Checked if tokens are valid: true, expires at: 1755436228111
[debug] [2025-08-17T12:40:53.079Z] Checked if tokens are valid: true, expires at: 1755436228111
[debug] [2025-08-17T12:40:53.079Z] >>> [apiv2][query] GET https://firebase.googleapis.com/v1beta1/projects/c----b/adminSdkConfig [none]
[debug] [2025-08-17T12:40:54.084Z] <<< [apiv2][status] GET https://firebase.googleapis.com/v1beta1/projects/c----b/adminSdkConfig 200
[debug] [2025-08-17T12:40:54.085Z] <<< [apiv2][body] GET https://firebase.googleapis.com/v1beta1/projects/c----b/adminSdkConfig {"projectId":"c----b","databaseURL":"https://c----b-default-rtdb.asia-southeast1.firebasedatabase.app","storageBucket":"c----b.firebasestorage.app"}
[debug] [2025-08-17T12:40:54.086Z] Checked if tokens are valid: true, expires at: 1755436228111
[debug] [2025-08-17T12:40:54.086Z] Checked if tokens are valid: true, expires at: 1755436228111
[debug] [2025-08-17T12:40:54.086Z] >>> [apiv2][query] GET https://runtimeconfig.googleapis.com/v1beta1/projects/c----b/configs [none]
[debug] [2025-08-17T12:40:54.753Z] <<< [apiv2][status] GET https://runtimeconfig.googleapis.com/v1beta1/projects/c----b/configs 200
[debug] [2025-08-17T12:40:54.756Z] <<< [apiv2][body] GET https://runtimeconfig.googleapis.com/v1beta1/projects/c----b/configs {}
[debug] [2025-08-17T12:40:54.760Z] Validating nodejs source
[warn] ⚠  functions: package.json indicates an outdated version of firebase-functions. Please upgrade using npm install --save firebase-functions@latest in your functions directory. 
[warn] ⚠  functions: Please note that there will be breaking changes when you upgrade. 
[debug] [2025-08-17T12:40:55.611Z] > [functions] package.json contents: {
  "name": "functions",
  "description": "Cloud Functions for CB API proxy",
  "scripts": {
    "build": "tsc",
    "build:watch": "tsc --watch",
    "serve": "npm run build && firebase emulators:start --only functions",
    "shell": "npm run build && firebase functions:shell",
    "start": "npm run shell",
    "deploy": "firebase deploy --only functions",
    "logs": "firebase functions:log"
  },
  "engines": {
    "node": "20"
  },
  "main": "index.js",
  "dependencies": {
    "firebase-admin": "^12.6.0",
    "firebase-functions": "^5.1.1"
  },
  "devDependencies": {
    "typescript": "^5.5.4",
    "@types/node": "^20.12.12"
  },
  "private": true
}
[debug] [2025-08-17T12:40:55.611Z] Building nodejs source
[info] i  functions: Loading and analyzing source code for codebase default to determine what to deploy 
[debug] [2025-08-17T12:40:55.611Z] Could not find functions.yaml. Must use http discovery
[debug] [2025-08-17T12:40:55.618Z] Found firebase-functions binary at '/Users/g/cb/cb/functions/node_modules/.bin/firebase-functions'
[info] Serving at port 8153

[debug] [2025-08-17T12:40:55.905Z] Got response from /__/functions.yaml {"endpoints":{"api":{"availableMemoryMb":null,"timeoutSeconds":null,"minInstances":null,"maxInstances":null,"ingressSettings":null,"concurrency":null,"serviceAccountEmail":null,"vpc":null,"platform":"gcfv2","labels":{},"httpsTrigger":{},"entryPoint":"api"}},"specVersion":"v1alpha1","requiredAPIs":[],"extensions":{}}
[info] i  extensions: ensuring required API firebaseextensions.googleapis.com is enabled... 
[debug] [2025-08-17T12:40:59.936Z] > command requires scopes: ["email","openid","https://www.googleapis.com/auth/cloudplatformprojects.readonly","https://www.googleapis.com/auth/firebase","https://www.googleapis.com/auth/cloud-platform"]
[debug] [2025-08-17T12:40:59.936Z] > authorizing via signed-in user (iptathay@gmail.com)
[debug] [2025-08-17T12:40:59.936Z] [iam] checking project c----b for permissions ["firebase.projects.get","firebaseextensions.instances.list"]
[debug] [2025-08-17T12:40:59.937Z] Checked if tokens are valid: true, expires at: 1755436228111
[debug] [2025-08-17T12:40:59.937Z] Checked if tokens are valid: true, expires at: 1755436228111
[debug] [2025-08-17T12:40:59.937Z] >>> [apiv2][query] POST https://cloudresourcemanager.googleapis.com/v1/projects/c----b:testIamPermissions [none]
[debug] [2025-08-17T12:40:59.938Z] >>> [apiv2][(partial)header] POST https://cloudresourcemanager.googleapis.com/v1/projects/c----b:testIamPermissions x-goog-quota-user=projects/c----b
[debug] [2025-08-17T12:40:59.938Z] >>> [apiv2][body] POST https://cloudresourcemanager.googleapis.com/v1/projects/c----b:testIamPermissions {"permissions":["firebase.projects.get","firebaseextensions.instances.list"]}
[debug] [2025-08-17T12:41:01.052Z] <<< [apiv2][status] POST https://cloudresourcemanager.googleapis.com/v1/projects/c----b:testIamPermissions 200
[debug] [2025-08-17T12:41:01.053Z] <<< [apiv2][body] POST https://cloudresourcemanager.googleapis.com/v1/projects/c----b:testIamPermissions {"permissions":["firebase.projects.get","firebaseextensions.instances.list"]}
[debug] [2025-08-17T12:41:01.054Z] Checked if tokens are valid: true, expires at: 1755436228111
[debug] [2025-08-17T12:41:01.054Z] Checked if tokens are valid: true, expires at: 1755436228111
[debug] [2025-08-17T12:41:01.055Z] >>> [apiv2][query] GET https://firebaseextensions.googleapis.com/v1beta/projects/c----b/instances pageSize=100&pageToken=
[debug] [2025-08-17T12:41:02.462Z] <<< [apiv2][status] GET https://firebaseextensions.googleapis.com/v1beta/projects/c----b/instances 200
[debug] [2025-08-17T12:41:02.463Z] <<< [apiv2][body] GET https://firebaseextensions.googleapis.com/v1beta/projects/c----b/instances {}
[info] i  functions: preparing functions directory for uploading... 
[info] i  functions: packaged /Users/g/cb/cb/functions (31.92 KB) for uploading 
[debug] [2025-08-17T12:41:02.513Z] Checked if tokens are valid: true, expires at: 1755436228111
[debug] [2025-08-17T12:41:02.513Z] Checked if tokens are valid: true, expires at: 1755436228111
[debug] [2025-08-17T12:41:02.513Z] >>> [apiv2][query] GET https://cloudfunctions.googleapis.com/v1/projects/c----b/locations/-/functions [none]
[debug] [2025-08-17T12:41:03.653Z] <<< [apiv2][status] GET https://cloudfunctions.googleapis.com/v1/projects/c----b/locations/-/functions 200
[debug] [2025-08-17T12:41:03.653Z] <<< [apiv2][body] GET https://cloudfunctions.googleapis.com/v1/projects/c----b/locations/-/functions {}
[debug] [2025-08-17T12:41:03.654Z] Checked if tokens are valid: true, expires at: 1755436228111
[debug] [2025-08-17T12:41:03.654Z] Checked if tokens are valid: true, expires at: 1755436228111
[debug] [2025-08-17T12:41:03.654Z] >>> [apiv2][query] GET https://cloudfunctions.googleapis.com/v2/projects/c----b/locations/-/functions filter=environment%3D%22GEN_2%22
[debug] [2025-08-17T12:41:05.277Z] <<< [apiv2][status] GET https://cloudfunctions.googleapis.com/v2/projects/c----b/locations/-/functions 200
[debug] [2025-08-17T12:41:05.277Z] <<< [apiv2][body] GET https://cloudfunctions.googleapis.com/v2/projects/c----b/locations/-/functions {"functions":[{"name":"projects/c----b/locations/us-central1/functions/api","buildConfig":{"build":"projects/182172071762/locations/us-central1/builds/d73b1187-f3d7-4242-a080-c6cdb78f976e","runtime":"nodejs20","entryPoint":"api","source":{"storageSource":{"bucket":"gcf-v2-sources-182172071762-us-central1","object":"api/function-source.zip","generation":"1755433295275774"}},"environmentVariables":{"GOOGLE_NODE_RUN_SCRIPTS":""},"dockerRepository":"projects/c----b/locations/us-central1/repositories/gcf-artifacts","sourceProvenance":{"resolvedStorageSource":{"bucket":"gcf-v2-sources-182172071762-us-central1","object":"api/function-source.zip","generation":"1755433295275774"}},"dockerRegistry":"ARTIFACT_REGISTRY","serviceAccount":"projects/c----b/serviceAccounts/182172071762-compute@developer.gserviceaccount.com","automaticUpdatePolicy":{}},"serviceConfig":{"service":"projects/c----b/locations/us-central1/services/api","timeoutSeconds":60,"environmentVariables":{"FIREBASE_CONFIG":"{\"projectId\":\"c----b\",\"databaseURL\":\"https://c----b-default-rtdb.asia-southeast1.firebasedatabase.app\",\"storageBucket\":\"c----b.firebasestorage.app\"}","GCLOUD_PROJECT":"c----b","EVENTARC_CLOUD_EVENT_SOURCE":"projects/c----b/locations/us-central1/services/api","FUNCTION_TARGET":"api","LOG_EXECUTION_ID":"true"},"maxInstanceCount":20,"ingressSettings":"ALLOW_ALL","uri":"https://api-udlftof55a-uc.a.run.app","serviceAccountEmail":"182172071762-compute@developer.gserviceaccount.com","availableMemory":"256Mi","allTrafficOnLatestRevision":true,"revision":"api-00001-xoh","maxInstanceRequestConcurrency":80,"availableCpu":"1"},"state":"ACTIVE","updateTime":"2025-08-17T12:22:56.509568294Z","labels":{"firebase-functions-hash":"a48084f0be21e617757ee10fe1ebfea60b4ddabc","deployment-tool":"cli-firebase"},"environment":"GEN_2","url":"https://us-central1-c----b.cloudfunctions.net/api","createTime":"2025-08-17T12:21:35.625827005Z","satisfiesPzi":true}]}
[info] i  functions: ensuring required API run.googleapis.com is enabled... 
[info] i  functions: ensuring required API eventarc.googleapis.com is enabled... 
[info] i  functions: ensuring required API pubsub.googleapis.com is enabled... 
[info] i  functions: ensuring required API storage.googleapis.com is enabled... 
[info] i  functions: generating the service identity for pubsub.googleapis.com... 
[debug] [2025-08-17T12:41:05.286Z] Checked if tokens are valid: true, expires at: 1755436228111
[debug] [2025-08-17T12:41:05.286Z] Checked if tokens are valid: true, expires at: 1755436228111
[info] i  functions: generating the service identity for eventarc.googleapis.com... 
[debug] [2025-08-17T12:41:05.286Z] Checked if tokens are valid: true, expires at: 1755436228111
[debug] [2025-08-17T12:41:05.286Z] Checked if tokens are valid: true, expires at: 1755436228111
[debug] [2025-08-17T12:41:05.286Z] >>> [apiv2][query] POST https://serviceusage.googleapis.com/v1beta1/projects/182172071762/services/pubsub.googleapis.com:generateServiceIdentity [none]
[debug] [2025-08-17T12:41:05.287Z] >>> [apiv2][(partial)header] POST https://serviceusage.googleapis.com/v1beta1/projects/182172071762/services/pubsub.googleapis.com:generateServiceIdentity x-goog-quota-user=projects/182172071762
[debug] [2025-08-17T12:41:05.287Z] >>> [apiv2][body] POST https://serviceusage.googleapis.com/v1beta1/projects/182172071762/services/pubsub.googleapis.com:generateServiceIdentity {}
[debug] [2025-08-17T12:41:05.289Z] >>> [apiv2][query] POST https://serviceusage.googleapis.com/v1beta1/projects/182172071762/services/eventarc.googleapis.com:generateServiceIdentity [none]
[debug] [2025-08-17T12:41:05.289Z] >>> [apiv2][(partial)header] POST https://serviceusage.googleapis.com/v1beta1/projects/182172071762/services/eventarc.googleapis.com:generateServiceIdentity x-goog-quota-user=projects/182172071762
[debug] [2025-08-17T12:41:05.289Z] >>> [apiv2][body] POST https://serviceusage.googleapis.com/v1beta1/projects/182172071762/services/eventarc.googleapis.com:generateServiceIdentity {}
[debug] [2025-08-17T12:41:06.867Z] <<< [apiv2][status] POST https://serviceusage.googleapis.com/v1beta1/projects/182172071762/services/eventarc.googleapis.com:generateServiceIdentity 200
[debug] [2025-08-17T12:41:06.867Z] <<< [apiv2][body] POST https://serviceusage.googleapis.com/v1beta1/projects/182172071762/services/eventarc.googleapis.com:generateServiceIdentity {"name":"operations/finished.DONE_OPERATION","done":true,"response":{"@type":"type.googleapis.com/google.api.serviceusage.v1beta1.ServiceIdentity","email":"service-182172071762@gcp-sa-eventarc.iam.gserviceaccount.com","uniqueId":"116669628602245015710"}}
[debug] [2025-08-17T12:41:06.887Z] <<< [apiv2][status] POST https://serviceusage.googleapis.com/v1beta1/projects/182172071762/services/pubsub.googleapis.com:generateServiceIdentity 200
[debug] [2025-08-17T12:41:06.887Z] <<< [apiv2][body] POST https://serviceusage.googleapis.com/v1beta1/projects/182172071762/services/pubsub.googleapis.com:generateServiceIdentity {"name":"operations/finished.DONE_OPERATION","done":true,"response":{"@type":"type.googleapis.com/google.api.serviceusage.v1beta1.ServiceIdentity","email":"service-182172071762@gcp-sa-pubsub.iam.gserviceaccount.com","uniqueId":"104464652327131903085"}}
[debug] [2025-08-17T12:41:06.889Z] Checked if tokens are valid: true, expires at: 1755436228111
[debug] [2025-08-17T12:41:06.889Z] Checked if tokens are valid: true, expires at: 1755436228111
[debug] [2025-08-17T12:41:06.889Z] >>> [apiv2][query] GET https://cloudresourcemanager.googleapis.com/v1/projects/c----b [none]
[debug] [2025-08-17T12:41:08.097Z] <<< [apiv2][status] GET https://cloudresourcemanager.googleapis.com/v1/projects/c----b 200
[debug] [2025-08-17T12:41:08.097Z] <<< [apiv2][body] GET https://cloudresourcemanager.googleapis.com/v1/projects/c----b {"projectNumber":"182172071762","projectId":"c----b","lifecycleState":"ACTIVE","name":"c----b","labels":{"firebase":"enabled","firebase-core":"disabled"},"createTime":"2025-08-02T15:22:49.637268Z"}
[debug] [2025-08-17T12:41:08.098Z] Checked if tokens are valid: true, expires at: 1755436228111
[debug] [2025-08-17T12:41:08.098Z] Checked if tokens are valid: true, expires at: 1755436228111
[debug] [2025-08-17T12:41:08.098Z] >>> [apiv2][query] GET https://compute.googleapis.com/compute/v1/projects/182172071762 [none]
[debug] [2025-08-17T12:41:08.796Z] <<< [apiv2][status] GET https://compute.googleapis.com/compute/v1/projects/182172071762 403
[debug] [2025-08-17T12:41:08.796Z] <<< [apiv2][body] GET https://compute.googleapis.com/compute/v1/projects/182172071762 {"error":{"code":403,"message":"Compute Engine API has not been used in project 182172071762 before or it is disabled. Enable it by visiting https://console.developers.google.com/apis/api/compute.googleapis.com/overview?project=182172071762 then retry. If you enabled this API recently, wait a few minutes for the action to propagate to our systems and retry.","errors":[{"message":"Compute Engine API has not been used in project 182172071762 before or it is disabled. Enable it by visiting https://console.developers.google.com/apis/api/compute.googleapis.com/overview?project=182172071762 then retry. If you enabled this API recently, wait a few minutes for the action to propagate to our systems and retry.","domain":"usageLimits","reason":"accessNotConfigured","extendedHelp":"https://console.developers.google.com"}],"status":"PERMISSION_DENIED","details":[{"@type":"type.googleapis.com/google.rpc.ErrorInfo","reason":"SERVICE_DISABLED","domain":"googleapis.com","metadata":{"consumer":"projects/182172071762","containerInfo":"182172071762","serviceTitle":"Compute Engine API","service":"compute.googleapis.com","activationUrl":"https://console.developers.google.com/apis/api/compute.googleapis.com/overview?project=182172071762"}},{"@type":"type.googleapis.com/google.rpc.LocalizedMessage","locale":"en-US","message":"Compute Engine API has not been used in project 182172071762 before or it is disabled. Enable it by visiting https://console.developers.google.com/apis/api/compute.googleapis.com/overview?project=182172071762 then retry. If you enabled this API recently, wait a few minutes for the action to propagate to our systems and retry."},{"@type":"type.googleapis.com/google.rpc.Help","links":[{"description":"Google developers console API activation","url":"https://console.developers.google.com/apis/api/compute.googleapis.com/overview?project=182172071762"}]}]}}
[debug] [2025-08-17T12:41:08.797Z] unable to look up default compute service account. Falling back to 182172071762-compute@developer.gserviceaccount.com. Error: {"name":"FirebaseError","children":[],"context":{"body":{"error":{"code":403,"message":"Compute Engine API has not been used in project 182172071762 before or it is disabled. Enable it by visiting https://console.developers.google.com/apis/api/compute.googleapis.com/overview?project=182172071762 then retry. If you enabled this API recently, wait a few minutes for the action to propagate to our systems and retry.","errors":[{"message":"Compute Engine API has not been used in project 182172071762 before or it is disabled. Enable it by visiting https://console.developers.google.com/apis/api/compute.googleapis.com/overview?project=182172071762 then retry. If you enabled this API recently, wait a few minutes for the action to propagate to our systems and retry.","domain":"usageLimits","reason":"accessNotConfigured","extendedHelp":"https://console.developers.google.com"}],"status":"PERMISSION_DENIED","details":[{"@type":"type.googleapis.com/google.rpc.ErrorInfo","reason":"SERVICE_DISABLED","domain":"googleapis.com","metadata":{"consumer":"projects/182172071762","containerInfo":"182172071762","serviceTitle":"Compute Engine API","service":"compute.googleapis.com","activationUrl":"https://console.developers.google.com/apis/api/compute.googleapis.com/overview?project=182172071762"}},{"@type":"type.googleapis.com/google.rpc.LocalizedMessage","locale":"en-US","message":"Compute Engine API has not been used in project 182172071762 before or it is disabled. Enable it by visiting https://console.developers.google.com/apis/api/compute.googleapis.com/overview?project=182172071762 then retry. If you enabled this API recently, wait a few minutes for the action to propagate to our systems and retry."},{"@type":"type.googleapis.com/google.rpc.Help","links":[{"description":"Google developers console API activation","url":"https://console.developers.google.com/apis/api/compute.googleapis.com/overview?project=182172071762"}]}]}},"response":{"statusCode":403}},"exit":1,"message":"Request to https://compute.googleapis.com/compute/v1/projects/182172071762 had HTTP Error: 403, Compute Engine API has not been used in project 182172071762 before or it is disabled. Enable it by visiting https://console.developers.google.com/apis/api/compute.googleapis.com/overview?project=182172071762 then retry. If you enabled this API recently, wait a few minutes for the action to propagate to our systems and retry.","status":403}
[debug] [2025-08-17T12:41:08.799Z] Checked if tokens are valid: true, expires at: 1755436228111
[debug] [2025-08-17T12:41:08.799Z] Checked if tokens are valid: true, expires at: 1755436228111
[debug] [2025-08-17T12:41:08.800Z] >>> [apiv2][query] GET https://cloudbilling.googleapis.com/v1/projects/c----b/billingInfo [none]
[debug] [2025-08-17T12:41:09.491Z] <<< [apiv2][status] GET https://cloudbilling.googleapis.com/v1/projects/c----b/billingInfo 200
[debug] [2025-08-17T12:41:09.491Z] <<< [apiv2][body] GET https://cloudbilling.googleapis.com/v1/projects/c----b/billingInfo {"name":"projects/c----b/billingInfo","projectId":"c----b","billingAccountName":"billingAccounts/0123D8-BDF47B-70DB7C","billingEnabled":true}
[debug] [2025-08-17T12:41:09.493Z] Checked if tokens are valid: true, expires at: 1755436228111
[debug] [2025-08-17T12:41:09.493Z] Checked if tokens are valid: true, expires at: 1755436228111
[debug] [2025-08-17T12:41:09.493Z] >>> [apiv2][query] POST https://cloudfunctions.googleapis.com/v2/projects/c----b/locations/us-central1/functions:generateUploadUrl [none]
[debug] [2025-08-17T12:41:10.999Z] <<< [apiv2][status] POST https://cloudfunctions.googleapis.com/v2/projects/c----b/locations/us-central1/functions:generateUploadUrl 200
[debug] [2025-08-17T12:41:10.999Z] <<< [apiv2][body] POST https://cloudfunctions.googleapis.com/v2/projects/c----b/locations/us-central1/functions:generateUploadUrl {"uploadUrl":"https://storage.googleapis.com/gcf-v2-uploads-182172071762.us-central1.cloudfunctions.appspot.com/3aafad29-14c5-4064-9cf8-8ed68b182ba1.zip?GoogleAccessId=service-182172071762@gcf-admin-robot.iam.gserviceaccount.com&Expires=1755436270&Signature=TzbfNmo6vQghGlu%2BB%2Bzl2cIJSLZDkMpTEk3F5A051R6I7DRZuUSKcZgpLchJZJsMVTc2pm2QresZruPIZMzEZMHLw6WjFIVQ%2FgatKggJH%2Fr81Prwd6LPBidu6HGM7LW88j0C9waCCkJ28dLdIK494UrqiC0ki1PAsSbAj81hpJf7EScxgyhhMf46bVSC2IVXJHTrI0QkJf7YJmz3mYUPQAr31Bg9lltsHdAPDonkgxBdPCdLUQGBZrgkAfnybinuUcasORCvPEOcEDw0zSqrvYoxatWvxjiJh229P9Kd28ZW7DeYXNvmonE2keKrmTpckAuhyxa7e2WzQAifdY%2FYTA%3D%3D","storageSource":{"bucket":"gcf-v2-uploads-182172071762.us-central1.cloudfunctions.appspot.com","object":"3aafad29-14c5-4064-9cf8-8ed68b182ba1.zip"}}
[debug] [2025-08-17T12:41:11.002Z] >>> [apiv2][query] PUT https://storage.googleapis.com/gcf-v2-uploads-182172071762.us-central1.cloudfunctions.appspot.com/3aafad29-14c5-4064-9cf8-8ed68b182ba1.zip GoogleAccessId=service-182172071762%40gcf-admin-robot.iam.gserviceaccount.com&Expires=1755436270&Signature=TzbfNmo6vQghGlu%2BB%2Bzl2cIJSLZDkMpTEk3F5A051R6I7DRZuUSKcZgpLchJZJsMVTc2pm2QresZruPIZMzEZMHLw6WjFIVQ%2FgatKggJH%2Fr81Prwd6LPBidu6HGM7LW88j0C9waCCkJ28dLdIK494UrqiC0ki1PAsSbAj81hpJf7EScxgyhhMf46bVSC2IVXJHTrI0QkJf7YJmz3mYUPQAr31Bg9lltsHdAPDonkgxBdPCdLUQGBZrgkAfnybinuUcasORCvPEOcEDw0zSqrvYoxatWvxjiJh229P9Kd28ZW7DeYXNvmonE2keKrmTpckAuhyxa7e2WzQAifdY%2FYTA%3D%3D
[debug] [2025-08-17T12:41:11.002Z] >>> [apiv2][body] PUT https://storage.googleapis.com/gcf-v2-uploads-182172071762.us-central1.cloudfunctions.appspot.com/3aafad29-14c5-4064-9cf8-8ed68b182ba1.zip [stream]
[debug] [2025-08-17T12:41:12.939Z] <<< [apiv2][status] PUT https://storage.googleapis.com/gcf-v2-uploads-182172071762.us-central1.cloudfunctions.appspot.com/3aafad29-14c5-4064-9cf8-8ed68b182ba1.zip 200
[debug] [2025-08-17T12:41:12.940Z] <<< [apiv2][body] PUT https://storage.googleapis.com/gcf-v2-uploads-182172071762.us-central1.cloudfunctions.appspot.com/3aafad29-14c5-4064-9cf8-8ed68b182ba1.zip [omitted]
[info] ✔  functions: functions folder uploaded successfully 
[info] i  functions: updating Node.js 20 (2nd Gen) function api(us-central1)... 
[debug] [2025-08-17T12:41:12.948Z] Checked if tokens are valid: true, expires at: 1755436228111
[debug] [2025-08-17T12:41:12.948Z] Checked if tokens are valid: true, expires at: 1755436228111
[debug] [2025-08-17T12:41:12.948Z] >>> [apiv2][query] PATCH https://cloudfunctions.googleapis.com/v2/projects/c----b/locations/us-central1/functions/api updateMask=name%2CbuildConfig.runtime%2CbuildConfig.entryPoint%2CbuildConfig.source.storageSource.bucket%2CbuildConfig.source.storageSource.object%2CbuildConfig.environmentVariables%2CbuildConfig.sourceToken%2CserviceConfig.environmentVariables%2CserviceConfig.ingressSettings%2CserviceConfig.timeoutSeconds%2CserviceConfig.serviceAccountEmail%2CserviceConfig.availableMemory%2CserviceConfig.minInstanceCount%2CserviceConfig.maxInstanceCount%2CserviceConfig.maxInstanceRequestConcurrency%2CserviceConfig.availableCpu%2CserviceConfig.vpcConnector%2CserviceConfig.vpcConnectorEgressSettings%2Clabels
[debug] [2025-08-17T12:41:12.948Z] >>> [apiv2][body] PATCH https://cloudfunctions.googleapis.com/v2/projects/c----b/locations/us-central1/functions/api {"name":"projects/c----b/locations/us-central1/functions/api","buildConfig":{"runtime":"nodejs20","entryPoint":"api","source":{"storageSource":{"bucket":"gcf-v2-uploads-182172071762.us-central1.cloudfunctions.appspot.com","object":"3aafad29-14c5-4064-9cf8-8ed68b182ba1.zip"}},"environmentVariables":{"GOOGLE_NODE_RUN_SCRIPTS":""}},"serviceConfig":{"environmentVariables":{"FIREBASE_CONFIG":"{\"projectId\":\"c----b\",\"databaseURL\":\"https://c----b-default-rtdb.asia-southeast1.firebasedatabase.app\",\"storageBucket\":\"c----b.firebasestorage.app\"}","GCLOUD_PROJECT":"c----b","EVENTARC_CLOUD_EVENT_SOURCE":"projects/c----b/locations/us-central1/services/api","FUNCTION_TARGET":"api","LOG_EXECUTION_ID":"true"},"ingressSettings":null,"timeoutSeconds":null,"serviceAccountEmail":null,"availableMemory":"256Mi","minInstanceCount":null,"maxInstanceCount":null,"maxInstanceRequestConcurrency":80,"availableCpu":"1","vpcConnector":null,"vpcConnectorEgressSettings":null},"labels":{"deployment-tool":"cli-firebase","firebase-functions-hash":"0c3ae01599118f2c0d4401b30d2839ac8ccf169c"}}
[debug] [2025-08-17T12:41:15.193Z] <<< [apiv2][status] PATCH https://cloudfunctions.googleapis.com/v2/projects/c----b/locations/us-central1/functions/api 200
[debug] [2025-08-17T12:41:15.193Z] <<< [apiv2][body] PATCH https://cloudfunctions.googleapis.com/v2/projects/c----b/locations/us-central1/functions/api {"name":"projects/c----b/locations/us-central1/operations/operation-1755434474274-63c8ef043fdf0-9de6b21d-c2e4541d","metadata":{"@type":"type.googleapis.com/google.cloud.functions.v2.OperationMetadata","createTime":"2025-08-17T12:41:14.995999324Z","target":"projects/c----b/locations/us-central1/functions/api","verb":"update","cancelRequested":false,"apiVersion":"v2"},"done":false}
[debug] [2025-08-17T12:41:15.194Z] Checked if tokens are valid: true, expires at: 1755436228111
[debug] [2025-08-17T12:41:15.195Z] Checked if tokens are valid: true, expires at: 1755436228111
[debug] [2025-08-17T12:41:15.195Z] >>> [apiv2][query] GET https://cloudfunctions.googleapis.com/v2/projects/c----b/locations/us-central1/operations/operation-1755434474274-63c8ef043fdf0-9de6b21d-c2e4541d [none]
[debug] [2025-08-17T12:41:16.810Z] <<< [apiv2][status] GET https://cloudfunctions.googleapis.com/v2/projects/c----b/locations/us-central1/operations/operation-1755434474274-63c8ef043fdf0-9de6b21d-c2e4541d 200
[debug] [2025-08-17T12:41:16.811Z] <<< [apiv2][body] GET https://cloudfunctions.googleapis.com/v2/projects/c----b/locations/us-central1/operations/operation-1755434474274-63c8ef043fdf0-9de6b21d-c2e4541d {"name":"projects/c----b/locations/us-central1/operations/operation-1755434474274-63c8ef043fdf0-9de6b21d-c2e4541d","metadata":{"@type":"type.googleapis.com/google.cloud.functions.v2.OperationMetadata","createTime":"2025-08-17T12:41:14.995999324Z","target":"projects/c----b/locations/us-central1/functions/api","verb":"update","cancelRequested":false,"apiVersion":"v2","requestResource":{"@type":"type.googleapis.com/google.cloud.functions.v2.Function","name":"projects/c----b/locations/us-central1/functions/api","buildConfig":{"runtime":"nodejs20","entryPoint":"api","source":{"storageSource":{"bucket":"gcf-v2-sources-182172071762-us-central1","object":"api/function-source.zip","generation":"1755434474939465"}},"environmentVariables":{"GOOGLE_NODE_RUN_SCRIPTS":""},"dockerRepository":"projects/c----b/locations/us-central1/repositories/gcf-artifacts","sourceProvenance":{"resolvedStorageSource":{"bucket":"gcf-v2-sources-182172071762-us-central1","object":"api/function-source.zip","generation":"1755433295275774"}},"dockerRegistry":"ARTIFACT_REGISTRY","serviceAccount":"projects/c----b/serviceAccounts/182172071762-compute@developer.gserviceaccount.com","automaticUpdatePolicy":{}},"serviceConfig":{"service":"projects/c----b/locations/us-central1/services/api","timeoutSeconds":60,"environmentVariables":{"FIREBASE_CONFIG":"{\"projectId\":\"c----b\",\"databaseURL\":\"https://c----b-default-rtdb.asia-southeast1.firebasedatabase.app\",\"storageBucket\":\"c----b.firebasestorage.app\"}","GCLOUD_PROJECT":"c----b","EVENTARC_CLOUD_EVENT_SOURCE":"projects/c----b/locations/us-central1/services/api","FUNCTION_TARGET":"api","LOG_EXECUTION_ID":"true"},"ingressSettings":"ALLOW_ALL","uri":"https://api-udlftof55a-uc.a.run.app","serviceAccountEmail":"182172071762-compute@developer.gserviceaccount.com","availableMemory":"256Mi","allTrafficOnLatestRevision":true,"revision":"api-00001-xoh","maxInstanceRequestConcurrency":80,"availableCpu":"1"},"state":"ACTIVE","labels":{"deployment-tool":"cli-firebase","firebase-functions-hash":"0c3ae01599118f2c0d4401b30d2839ac8ccf169c"},"environment":"GEN_2","url":"https://us-central1-c----b.cloudfunctions.net/api","satisfiesPzi":true},"stages":[{"name":"BUILD","message":"Build in progress","state":"IN_PROGRESS","resource":"projects/182172071762/locations/us-central1/builds/31872a2f-d467-4c98-b282-4c8d5ad689bc","resourceUri":"https://console.cloud.google.com/cloud-build/builds;region=us-central1/31872a2f-d467-4c98-b282-4c8d5ad689bc?project=182172071762"},{"name":"SERVICE","state":"NOT_STARTED"}],"operationType":"UPDATE_FUNCTION","buildName":"projects/182172071762/locations/us-central1/builds/31872a2f-d467-4c98-b282-4c8d5ad689bc"},"done":false}
[debug] [2025-08-17T12:41:17.312Z] [update-default-us-central1-api] Retrying task index 0
[debug] [2025-08-17T12:41:17.313Z] Checked if tokens are valid: true, expires at: 1755436228111
[debug] [2025-08-17T12:41:17.313Z] Checked if tokens are valid: true, expires at: 1755436228111
[debug] [2025-08-17T12:41:17.314Z] >>> [apiv2][query] GET https://cloudfunctions.googleapis.com/v2/projects/c----b/locations/us-central1/operations/operation-1755434474274-63c8ef043fdf0-9de6b21d-c2e4541d [none]
[debug] [2025-08-17T12:41:18.658Z] <<< [apiv2][status] GET https://cloudfunctions.googleapis.com/v2/projects/c----b/locations/us-central1/operations/operation-1755434474274-63c8ef043fdf0-9de6b21d-c2e4541d 200
[debug] [2025-08-17T12:41:18.658Z] <<< [apiv2][body] GET https://cloudfunctions.googleapis.com/v2/projects/c----b/locations/us-central1/operations/operation-1755434474274-63c8ef043fdf0-9de6b21d-c2e4541d {"name":"projects/c----b/locations/us-central1/operations/operation-1755434474274-63c8ef043fdf0-9de6b21d-c2e4541d","metadata":{"@type":"type.googleapis.com/google.cloud.functions.v2.OperationMetadata","createTime":"2025-08-17T12:41:14.995999324Z","target":"projects/c----b/locations/us-central1/functions/api","verb":"update","cancelRequested":false,"apiVersion":"v2","requestResource":{"@type":"type.googleapis.com/google.cloud.functions.v2.Function","name":"projects/c----b/locations/us-central1/functions/api","buildConfig":{"runtime":"nodejs20","entryPoint":"api","source":{"storageSource":{"bucket":"gcf-v2-sources-182172071762-us-central1","object":"api/function-source.zip","generation":"1755434474939465"}},"environmentVariables":{"GOOGLE_NODE_RUN_SCRIPTS":""},"dockerRepository":"projects/c----b/locations/us-central1/repositories/gcf-artifacts","sourceProvenance":{"resolvedStorageSource":{"bucket":"gcf-v2-sources-182172071762-us-central1","object":"api/function-source.zip","generation":"1755433295275774"}},"dockerRegistry":"ARTIFACT_REGISTRY","serviceAccount":"projects/c----b/serviceAccounts/182172071762-compute@developer.gserviceaccount.com","automaticUpdatePolicy":{}},"serviceConfig":{"service":"projects/c----b/locations/us-central1/services/api","timeoutSeconds":60,"environmentVariables":{"FIREBASE_CONFIG":"{\"projectId\":\"c----b\",\"databaseURL\":\"https://c----b-default-rtdb.asia-southeast1.firebasedatabase.app\",\"storageBucket\":\"c----b.firebasestorage.app\"}","GCLOUD_PROJECT":"c----b","EVENTARC_CLOUD_EVENT_SOURCE":"projects/c----b/locations/us-central1/services/api","FUNCTION_TARGET":"api","LOG_EXECUTION_ID":"true"},"ingressSettings":"ALLOW_ALL","uri":"https://api-udlftof55a-uc.a.run.app","serviceAccountEmail":"182172071762-compute@developer.gserviceaccount.com","availableMemory":"256Mi","allTrafficOnLatestRevision":true,"revision":"api-00001-xoh","maxInstanceRequestConcurrency":80,"availableCpu":"1"},"state":"ACTIVE","labels":{"deployment-tool":"cli-firebase","firebase-functions-hash":"0c3ae01599118f2c0d4401b30d2839ac8ccf169c"},"environment":"GEN_2","url":"https://us-central1-c----b.cloudfunctions.net/api","satisfiesPzi":true},"stages":[{"name":"BUILD","message":"Build in progress","state":"IN_PROGRESS","resource":"projects/182172071762/locations/us-central1/builds/31872a2f-d467-4c98-b282-4c8d5ad689bc","resourceUri":"https://console.cloud.google.com/cloud-build/builds;region=us-central1/31872a2f-d467-4c98-b282-4c8d5ad689bc?project=182172071762"},{"name":"SERVICE","state":"NOT_STARTED"}],"operationType":"UPDATE_FUNCTION","buildName":"projects/182172071762/locations/us-central1/builds/31872a2f-d467-4c98-b282-4c8d5ad689bc"},"done":false}
[debug] [2025-08-17T12:41:19.659Z] [update-default-us-central1-api] Retrying task index 0
[debug] [2025-08-17T12:41:19.661Z] Checked if tokens are valid: true, expires at: 1755436228111
[debug] [2025-08-17T12:41:19.661Z] Checked if tokens are valid: true, expires at: 1755436228111
[debug] [2025-08-17T12:41:19.662Z] >>> [apiv2][query] GET https://cloudfunctions.googleapis.com/v2/projects/c----b/locations/us-central1/operations/operation-1755434474274-63c8ef043fdf0-9de6b21d-c2e4541d [none]
[debug] [2025-08-17T12:41:21.059Z] <<< [apiv2][status] GET https://cloudfunctions.googleapis.com/v2/projects/c----b/locations/us-central1/operations/operation-1755434474274-63c8ef043fdf0-9de6b21d-c2e4541d 200
[debug] [2025-08-17T12:41:21.060Z] <<< [apiv2][body] GET https://cloudfunctions.googleapis.com/v2/projects/c----b/locations/us-central1/operations/operation-1755434474274-63c8ef043fdf0-9de6b21d-c2e4541d {"name":"projects/c----b/locations/us-central1/operations/operation-1755434474274-63c8ef043fdf0-9de6b21d-c2e4541d","metadata":{"@type":"type.googleapis.com/google.cloud.functions.v2.OperationMetadata","createTime":"2025-08-17T12:41:14.995999324Z","target":"projects/c----b/locations/us-central1/functions/api","verb":"update","cancelRequested":false,"apiVersion":"v2","requestResource":{"@type":"type.googleapis.com/google.cloud.functions.v2.Function","name":"projects/c----b/locations/us-central1/functions/api","buildConfig":{"runtime":"nodejs20","entryPoint":"api","source":{"storageSource":{"bucket":"gcf-v2-sources-182172071762-us-central1","object":"api/function-source.zip","generation":"1755434474939465"}},"environmentVariables":{"GOOGLE_NODE_RUN_SCRIPTS":""},"dockerRepository":"projects/c----b/locations/us-central1/repositories/gcf-artifacts","sourceProvenance":{"resolvedStorageSource":{"bucket":"gcf-v2-sources-182172071762-us-central1","object":"api/function-source.zip","generation":"1755433295275774"}},"dockerRegistry":"ARTIFACT_REGISTRY","serviceAccount":"projects/c----b/serviceAccounts/182172071762-compute@developer.gserviceaccount.com","automaticUpdatePolicy":{}},"serviceConfig":{"service":"projects/c----b/locations/us-central1/services/api","timeoutSeconds":60,"environmentVariables":{"FIREBASE_CONFIG":"{\"projectId\":\"c----b\",\"databaseURL\":\"https://c----b-default-rtdb.asia-southeast1.firebasedatabase.app\",\"storageBucket\":\"c----b.firebasestorage.app\"}","GCLOUD_PROJECT":"c----b","EVENTARC_CLOUD_EVENT_SOURCE":"projects/c----b/locations/us-central1/services/api","FUNCTION_TARGET":"api","LOG_EXECUTION_ID":"true"},"ingressSettings":"ALLOW_ALL","uri":"https://api-udlftof55a-uc.a.run.app","serviceAccountEmail":"182172071762-compute@developer.gserviceaccount.com","availableMemory":"256Mi","allTrafficOnLatestRevision":true,"revision":"api-00001-xoh","maxInstanceRequestConcurrency":80,"availableCpu":"1"},"state":"ACTIVE","labels":{"deployment-tool":"cli-firebase","firebase-functions-hash":"0c3ae01599118f2c0d4401b30d2839ac8ccf169c"},"environment":"GEN_2","url":"https://us-central1-c----b.cloudfunctions.net/api","satisfiesPzi":true},"stages":[{"name":"BUILD","message":"Build in progress","state":"IN_PROGRESS","resource":"projects/182172071762/locations/us-central1/builds/31872a2f-d467-4c98-b282-4c8d5ad689bc","resourceUri":"https://console.cloud.google.com/cloud-build/builds;region=us-central1/31872a2f-d467-4c98-b282-4c8d5ad689bc?project=182172071762"},{"name":"SERVICE","state":"NOT_STARTED"}],"operationType":"UPDATE_FUNCTION","buildName":"projects/182172071762/locations/us-central1/builds/31872a2f-d467-4c98-b282-4c8d5ad689bc"},"done":false}
[debug] [2025-08-17T12:41:23.061Z] [update-default-us-central1-api] Retrying task index 0
[debug] [2025-08-17T12:41:23.061Z] Checked if tokens are valid: true, expires at: 1755436228111
[debug] [2025-08-17T12:41:23.062Z] Checked if tokens are valid: true, expires at: 1755436228111
[debug] [2025-08-17T12:41:23.062Z] >>> [apiv2][query] GET https://cloudfunctions.googleapis.com/v2/projects/c----b/locations/us-central1/operations/operation-1755434474274-63c8ef043fdf0-9de6b21d-c2e4541d [none]
[debug] [2025-08-17T12:41:24.519Z] <<< [apiv2][status] GET https://cloudfunctions.googleapis.com/v2/projects/c----b/locations/us-central1/operations/operation-1755434474274-63c8ef043fdf0-9de6b21d-c2e4541d 200
[debug] [2025-08-17T12:41:24.520Z] <<< [apiv2][body] GET https://cloudfunctions.googleapis.com/v2/projects/c----b/locations/us-central1/operations/operation-1755434474274-63c8ef043fdf0-9de6b21d-c2e4541d {"name":"projects/c----b/locations/us-central1/operations/operation-1755434474274-63c8ef043fdf0-9de6b21d-c2e4541d","metadata":{"@type":"type.googleapis.com/google.cloud.functions.v2.OperationMetadata","createTime":"2025-08-17T12:41:14.995999324Z","target":"projects/c----b/locations/us-central1/functions/api","verb":"update","cancelRequested":false,"apiVersion":"v2","requestResource":{"@type":"type.googleapis.com/google.cloud.functions.v2.Function","name":"projects/c----b/locations/us-central1/functions/api","buildConfig":{"runtime":"nodejs20","entryPoint":"api","source":{"storageSource":{"bucket":"gcf-v2-sources-182172071762-us-central1","object":"api/function-source.zip","generation":"1755434474939465"}},"environmentVariables":{"GOOGLE_NODE_RUN_SCRIPTS":""},"dockerRepository":"projects/c----b/locations/us-central1/repositories/gcf-artifacts","sourceProvenance":{"resolvedStorageSource":{"bucket":"gcf-v2-sources-182172071762-us-central1","object":"api/function-source.zip","generation":"1755433295275774"}},"dockerRegistry":"ARTIFACT_REGISTRY","serviceAccount":"projects/c----b/serviceAccounts/182172071762-compute@developer.gserviceaccount.com","automaticUpdatePolicy":{}},"serviceConfig":{"service":"projects/c----b/locations/us-central1/services/api","timeoutSeconds":60,"environmentVariables":{"FIREBASE_CONFIG":"{\"projectId\":\"c----b\",\"databaseURL\":\"https://c----b-default-rtdb.asia-southeast1.firebasedatabase.app\",\"storageBucket\":\"c----b.firebasestorage.app\"}","GCLOUD_PROJECT":"c----b","EVENTARC_CLOUD_EVENT_SOURCE":"projects/c----b/locations/us-central1/services/api","FUNCTION_TARGET":"api","LOG_EXECUTION_ID":"true"},"ingressSettings":"ALLOW_ALL","uri":"https://api-udlftof55a-uc.a.run.app","serviceAccountEmail":"182172071762-compute@developer.gserviceaccount.com","availableMemory":"256Mi","allTrafficOnLatestRevision":true,"revision":"api-00001-xoh","maxInstanceRequestConcurrency":80,"availableCpu":"1"},"state":"ACTIVE","labels":{"deployment-tool":"cli-firebase","firebase-functions-hash":"0c3ae01599118f2c0d4401b30d2839ac8ccf169c"},"environment":"GEN_2","url":"https://us-central1-c----b.cloudfunctions.net/api","satisfiesPzi":true},"stages":[{"name":"BUILD","message":"Build in progress","state":"IN_PROGRESS","resource":"projects/182172071762/locations/us-central1/builds/31872a2f-d467-4c98-b282-4c8d5ad689bc","resourceUri":"https://console.cloud.google.com/cloud-build/builds;region=us-central1/31872a2f-d467-4c98-b282-4c8d5ad689bc?project=182172071762"},{"name":"SERVICE","state":"NOT_STARTED"}],"operationType":"UPDATE_FUNCTION","buildName":"projects/182172071762/locations/us-central1/builds/31872a2f-d467-4c98-b282-4c8d5ad689bc"},"done":false}
[debug] [2025-08-17T12:41:28.522Z] [update-default-us-central1-api] Retrying task index 0
[debug] [2025-08-17T12:41:28.523Z] Checked if tokens are valid: true, expires at: 1755436228111
[debug] [2025-08-17T12:41:28.523Z] Checked if tokens are valid: true, expires at: 1755436228111
[debug] [2025-08-17T12:41:28.524Z] >>> [apiv2][query] GET https://cloudfunctions.googleapis.com/v2/projects/c----b/locations/us-central1/operations/operation-1755434474274-63c8ef043fdf0-9de6b21d-c2e4541d [none]
[debug] [2025-08-17T12:41:30.065Z] <<< [apiv2][status] GET https://cloudfunctions.googleapis.com/v2/projects/c----b/locations/us-central1/operations/operation-1755434474274-63c8ef043fdf0-9de6b21d-c2e4541d 200
[debug] [2025-08-17T12:41:30.066Z] <<< [apiv2][body] GET https://cloudfunctions.googleapis.com/v2/projects/c----b/locations/us-central1/operations/operation-1755434474274-63c8ef043fdf0-9de6b21d-c2e4541d {"name":"projects/c----b/locations/us-central1/operations/operation-1755434474274-63c8ef043fdf0-9de6b21d-c2e4541d","metadata":{"@type":"type.googleapis.com/google.cloud.functions.v2.OperationMetadata","createTime":"2025-08-17T12:41:14.995999324Z","target":"projects/c----b/locations/us-central1/functions/api","verb":"update","cancelRequested":false,"apiVersion":"v2","requestResource":{"@type":"type.googleapis.com/google.cloud.functions.v2.Function","name":"projects/c----b/locations/us-central1/functions/api","buildConfig":{"runtime":"nodejs20","entryPoint":"api","source":{"storageSource":{"bucket":"gcf-v2-sources-182172071762-us-central1","object":"api/function-source.zip","generation":"1755434474939465"}},"environmentVariables":{"GOOGLE_NODE_RUN_SCRIPTS":""},"dockerRepository":"projects/c----b/locations/us-central1/repositories/gcf-artifacts","sourceProvenance":{"resolvedStorageSource":{"bucket":"gcf-v2-sources-182172071762-us-central1","object":"api/function-source.zip","generation":"1755433295275774"}},"dockerRegistry":"ARTIFACT_REGISTRY","serviceAccount":"projects/c----b/serviceAccounts/182172071762-compute@developer.gserviceaccount.com","automaticUpdatePolicy":{}},"serviceConfig":{"service":"projects/c----b/locations/us-central1/services/api","timeoutSeconds":60,"environmentVariables":{"FIREBASE_CONFIG":"{\"projectId\":\"c----b\",\"databaseURL\":\"https://c----b-default-rtdb.asia-southeast1.firebasedatabase.app\",\"storageBucket\":\"c----b.firebasestorage.app\"}","GCLOUD_PROJECT":"c----b","EVENTARC_CLOUD_EVENT_SOURCE":"projects/c----b/locations/us-central1/services/api","FUNCTION_TARGET":"api","LOG_EXECUTION_ID":"true"},"ingressSettings":"ALLOW_ALL","uri":"https://api-udlftof55a-uc.a.run.app","serviceAccountEmail":"182172071762-compute@developer.gserviceaccount.com","availableMemory":"256Mi","allTrafficOnLatestRevision":true,"revision":"api-00001-xoh","maxInstanceRequestConcurrency":80,"availableCpu":"1"},"state":"ACTIVE","labels":{"deployment-tool":"cli-firebase","firebase-functions-hash":"0c3ae01599118f2c0d4401b30d2839ac8ccf169c"},"environment":"GEN_2","url":"https://us-central1-c----b.cloudfunctions.net/api","satisfiesPzi":true},"stages":[{"name":"BUILD","message":"Build in progress","state":"IN_PROGRESS","resource":"projects/182172071762/locations/us-central1/builds/31872a2f-d467-4c98-b282-4c8d5ad689bc","resourceUri":"https://console.cloud.google.com/cloud-build/builds;region=us-central1/31872a2f-d467-4c98-b282-4c8d5ad689bc?project=182172071762"},{"name":"SERVICE","state":"NOT_STARTED"}],"operationType":"UPDATE_FUNCTION","buildName":"projects/182172071762/locations/us-central1/builds/31872a2f-d467-4c98-b282-4c8d5ad689bc"},"done":false}
[debug] [2025-08-17T12:41:38.068Z] [update-default-us-central1-api] Retrying task index 0
[debug] [2025-08-17T12:41:38.069Z] Checked if tokens are valid: true, expires at: 1755436228111
[debug] [2025-08-17T12:41:38.071Z] Checked if tokens are valid: true, expires at: 1755436228111
[debug] [2025-08-17T12:41:38.072Z] >>> [apiv2][query] GET https://cloudfunctions.googleapis.com/v2/projects/c----b/locations/us-central1/operations/operation-1755434474274-63c8ef043fdf0-9de6b21d-c2e4541d [none]
[debug] [2025-08-17T12:41:39.622Z] <<< [apiv2][status] GET https://cloudfunctions.googleapis.com/v2/projects/c----b/locations/us-central1/operations/operation-1755434474274-63c8ef043fdf0-9de6b21d-c2e4541d 200
[debug] [2025-08-17T12:41:39.631Z] <<< [apiv2][body] GET https://cloudfunctions.googleapis.com/v2/projects/c----b/locations/us-central1/operations/operation-1755434474274-63c8ef043fdf0-9de6b21d-c2e4541d {"name":"projects/c----b/locations/us-central1/operations/operation-1755434474274-63c8ef043fdf0-9de6b21d-c2e4541d","metadata":{"@type":"type.googleapis.com/google.cloud.functions.v2.OperationMetadata","createTime":"2025-08-17T12:41:14.995999324Z","target":"projects/c----b/locations/us-central1/functions/api","verb":"update","cancelRequested":false,"apiVersion":"v2","requestResource":{"@type":"type.googleapis.com/google.cloud.functions.v2.Function","name":"projects/c----b/locations/us-central1/functions/api","buildConfig":{"runtime":"nodejs20","entryPoint":"api","source":{"storageSource":{"bucket":"gcf-v2-sources-182172071762-us-central1","object":"api/function-source.zip","generation":"1755434474939465"}},"environmentVariables":{"GOOGLE_NODE_RUN_SCRIPTS":""},"dockerRepository":"projects/c----b/locations/us-central1/repositories/gcf-artifacts","sourceProvenance":{"resolvedStorageSource":{"bucket":"gcf-v2-sources-182172071762-us-central1","object":"api/function-source.zip","generation":"1755433295275774"}},"dockerRegistry":"ARTIFACT_REGISTRY","serviceAccount":"projects/c----b/serviceAccounts/182172071762-compute@developer.gserviceaccount.com","automaticUpdatePolicy":{}},"serviceConfig":{"service":"projects/c----b/locations/us-central1/services/api","timeoutSeconds":60,"environmentVariables":{"FIREBASE_CONFIG":"{\"projectId\":\"c----b\",\"databaseURL\":\"https://c----b-default-rtdb.asia-southeast1.firebasedatabase.app\",\"storageBucket\":\"c----b.firebasestorage.app\"}","GCLOUD_PROJECT":"c----b","EVENTARC_CLOUD_EVENT_SOURCE":"projects/c----b/locations/us-central1/services/api","FUNCTION_TARGET":"api","LOG_EXECUTION_ID":"true"},"ingressSettings":"ALLOW_ALL","uri":"https://api-udlftof55a-uc.a.run.app","serviceAccountEmail":"182172071762-compute@developer.gserviceaccount.com","availableMemory":"256Mi","allTrafficOnLatestRevision":true,"revision":"api-00001-xoh","maxInstanceRequestConcurrency":80,"availableCpu":"1"},"state":"ACTIVE","labels":{"deployment-tool":"cli-firebase","firebase-functions-hash":"0c3ae01599118f2c0d4401b30d2839ac8ccf169c"},"environment":"GEN_2","url":"https://us-central1-c----b.cloudfunctions.net/api","satisfiesPzi":true},"stages":[{"name":"BUILD","message":"Build in progress","state":"IN_PROGRESS","resource":"projects/182172071762/locations/us-central1/builds/31872a2f-d467-4c98-b282-4c8d5ad689bc","resourceUri":"https://console.cloud.google.com/cloud-build/builds;region=us-central1/31872a2f-d467-4c98-b282-4c8d5ad689bc?project=182172071762"},{"name":"SERVICE","state":"NOT_STARTED"}],"operationType":"UPDATE_FUNCTION","buildName":"projects/182172071762/locations/us-central1/builds/31872a2f-d467-4c98-b282-4c8d5ad689bc"},"done":false}
[debug] [2025-08-17T12:41:49.633Z] [update-default-us-central1-api] Retrying task index 0
[debug] [2025-08-17T12:41:49.634Z] Checked if tokens are valid: true, expires at: 1755436228111
[debug] [2025-08-17T12:41:49.635Z] Checked if tokens are valid: true, expires at: 1755436228111
[debug] [2025-08-17T12:41:49.635Z] >>> [apiv2][query] GET https://cloudfunctions.googleapis.com/v2/projects/c----b/locations/us-central1/operations/operation-1755434474274-63c8ef043fdf0-9de6b21d-c2e4541d [none]
[debug] [2025-08-17T12:41:51.239Z] <<< [apiv2][status] GET https://cloudfunctions.googleapis.com/v2/projects/c----b/locations/us-central1/operations/operation-1755434474274-63c8ef043fdf0-9de6b21d-c2e4541d 200
[debug] [2025-08-17T12:41:51.239Z] <<< [apiv2][body] GET https://cloudfunctions.googleapis.com/v2/projects/c----b/locations/us-central1/operations/operation-1755434474274-63c8ef043fdf0-9de6b21d-c2e4541d {"name":"projects/c----b/locations/us-central1/operations/operation-1755434474274-63c8ef043fdf0-9de6b21d-c2e4541d","metadata":{"@type":"type.googleapis.com/google.cloud.functions.v2.OperationMetadata","createTime":"2025-08-17T12:41:14.995999324Z","target":"projects/c----b/locations/us-central1/functions/api","verb":"update","cancelRequested":false,"apiVersion":"v2","requestResource":{"@type":"type.googleapis.com/google.cloud.functions.v2.Function","name":"projects/c----b/locations/us-central1/functions/api","buildConfig":{"runtime":"nodejs20","entryPoint":"api","source":{"storageSource":{"bucket":"gcf-v2-sources-182172071762-us-central1","object":"api/function-source.zip","generation":"1755434474939465"}},"environmentVariables":{"GOOGLE_NODE_RUN_SCRIPTS":""},"dockerRepository":"projects/c----b/locations/us-central1/repositories/gcf-artifacts","sourceProvenance":{"resolvedStorageSource":{"bucket":"gcf-v2-sources-182172071762-us-central1","object":"api/function-source.zip","generation":"1755433295275774"}},"dockerRegistry":"ARTIFACT_REGISTRY","serviceAccount":"projects/c----b/serviceAccounts/182172071762-compute@developer.gserviceaccount.com","automaticUpdatePolicy":{}},"serviceConfig":{"service":"projects/c----b/locations/us-central1/services/api","timeoutSeconds":60,"environmentVariables":{"FIREBASE_CONFIG":"{\"projectId\":\"c----b\",\"databaseURL\":\"https://c----b-default-rtdb.asia-southeast1.firebasedatabase.app\",\"storageBucket\":\"c----b.firebasestorage.app\"}","GCLOUD_PROJECT":"c----b","EVENTARC_CLOUD_EVENT_SOURCE":"projects/c----b/locations/us-central1/services/api","FUNCTION_TARGET":"api","LOG_EXECUTION_ID":"true"},"ingressSettings":"ALLOW_ALL","uri":"https://api-udlftof55a-uc.a.run.app","serviceAccountEmail":"182172071762-compute@developer.gserviceaccount.com","availableMemory":"256Mi","allTrafficOnLatestRevision":true,"revision":"api-00001-xoh","maxInstanceRequestConcurrency":80,"availableCpu":"1"},"state":"ACTIVE","labels":{"deployment-tool":"cli-firebase","firebase-functions-hash":"0c3ae01599118f2c0d4401b30d2839ac8ccf169c"},"environment":"GEN_2","url":"https://us-central1-c----b.cloudfunctions.net/api","satisfiesPzi":true},"stages":[{"name":"BUILD","message":"Build in progress","state":"IN_PROGRESS","resource":"projects/182172071762/locations/us-central1/builds/31872a2f-d467-4c98-b282-4c8d5ad689bc","resourceUri":"https://console.cloud.google.com/cloud-build/builds;region=us-central1/31872a2f-d467-4c98-b282-4c8d5ad689bc?project=182172071762"},{"name":"SERVICE","state":"NOT_STARTED"}],"operationType":"UPDATE_FUNCTION","buildName":"projects/182172071762/locations/us-central1/builds/31872a2f-d467-4c98-b282-4c8d5ad689bc"},"done":false}
[debug] [2025-08-17T12:42:01.240Z] [update-default-us-central1-api] Retrying task index 0
[debug] [2025-08-17T12:42:01.244Z] Checked if tokens are valid: true, expires at: 1755436228111
[debug] [2025-08-17T12:42:01.244Z] Checked if tokens are valid: true, expires at: 1755436228111
[debug] [2025-08-17T12:42:01.245Z] >>> [apiv2][query] GET https://cloudfunctions.googleapis.com/v2/projects/c----b/locations/us-central1/operations/operation-1755434474274-63c8ef043fdf0-9de6b21d-c2e4541d [none]
[debug] [2025-08-17T12:42:02.887Z] <<< [apiv2][status] GET https://cloudfunctions.googleapis.com/v2/projects/c----b/locations/us-central1/operations/operation-1755434474274-63c8ef043fdf0-9de6b21d-c2e4541d 200
[debug] [2025-08-17T12:42:02.887Z] <<< [apiv2][body] GET https://cloudfunctions.googleapis.com/v2/projects/c----b/locations/us-central1/operations/operation-1755434474274-63c8ef043fdf0-9de6b21d-c2e4541d {"name":"projects/c----b/locations/us-central1/operations/operation-1755434474274-63c8ef043fdf0-9de6b21d-c2e4541d","metadata":{"@type":"type.googleapis.com/google.cloud.functions.v2.OperationMetadata","createTime":"2025-08-17T12:41:14.995999324Z","target":"projects/c----b/locations/us-central1/functions/api","verb":"update","cancelRequested":false,"apiVersion":"v2","requestResource":{"@type":"type.googleapis.com/google.cloud.functions.v2.Function","name":"projects/c----b/locations/us-central1/functions/api","buildConfig":{"runtime":"nodejs20","entryPoint":"api","source":{"storageSource":{"bucket":"gcf-v2-sources-182172071762-us-central1","object":"api/function-source.zip","generation":"1755434474939465"}},"environmentVariables":{"GOOGLE_NODE_RUN_SCRIPTS":""},"dockerRepository":"projects/c----b/locations/us-central1/repositories/gcf-artifacts","sourceProvenance":{"resolvedStorageSource":{"bucket":"gcf-v2-sources-182172071762-us-central1","object":"api/function-source.zip","generation":"1755433295275774"}},"dockerRegistry":"ARTIFACT_REGISTRY","serviceAccount":"projects/c----b/serviceAccounts/182172071762-compute@developer.gserviceaccount.com","automaticUpdatePolicy":{}},"serviceConfig":{"service":"projects/c----b/locations/us-central1/services/api","timeoutSeconds":60,"environmentVariables":{"FIREBASE_CONFIG":"{\"projectId\":\"c----b\",\"databaseURL\":\"https://c----b-default-rtdb.asia-southeast1.firebasedatabase.app\",\"storageBucket\":\"c----b.firebasestorage.app\"}","GCLOUD_PROJECT":"c----b","EVENTARC_CLOUD_EVENT_SOURCE":"projects/c----b/locations/us-central1/services/api","FUNCTION_TARGET":"api","LOG_EXECUTION_ID":"true"},"ingressSettings":"ALLOW_ALL","uri":"https://api-udlftof55a-uc.a.run.app","serviceAccountEmail":"182172071762-compute@developer.gserviceaccount.com","availableMemory":"256Mi","allTrafficOnLatestRevision":true,"revision":"api-00001-xoh","maxInstanceRequestConcurrency":80,"availableCpu":"1"},"state":"ACTIVE","labels":{"deployment-tool":"cli-firebase","firebase-functions-hash":"0c3ae01599118f2c0d4401b30d2839ac8ccf169c"},"environment":"GEN_2","url":"https://us-central1-c----b.cloudfunctions.net/api","satisfiesPzi":true},"stages":[{"name":"BUILD","message":"Build in progress","state":"IN_PROGRESS","resource":"projects/182172071762/locations/us-central1/builds/31872a2f-d467-4c98-b282-4c8d5ad689bc","resourceUri":"https://console.cloud.google.com/cloud-build/builds;region=us-central1/31872a2f-d467-4c98-b282-4c8d5ad689bc?project=182172071762"},{"name":"SERVICE","state":"NOT_STARTED"}],"operationType":"UPDATE_FUNCTION","buildName":"projects/182172071762/locations/us-central1/builds/31872a2f-d467-4c98-b282-4c8d5ad689bc"},"done":false}
[debug] [2025-08-17T12:42:12.888Z] [update-default-us-central1-api] Retrying task index 0
[debug] [2025-08-17T12:42:12.891Z] Checked if tokens are valid: true, expires at: 1755436228111
[debug] [2025-08-17T12:42:12.891Z] Checked if tokens are valid: true, expires at: 1755436228111
[debug] [2025-08-17T12:42:12.892Z] >>> [apiv2][query] GET https://cloudfunctions.googleapis.com/v2/projects/c----b/locations/us-central1/operations/operation-1755434474274-63c8ef043fdf0-9de6b21d-c2e4541d [none]
[debug] [2025-08-17T12:42:14.387Z] <<< [apiv2][status] GET https://cloudfunctions.googleapis.com/v2/projects/c----b/locations/us-central1/operations/operation-1755434474274-63c8ef043fdf0-9de6b21d-c2e4541d 200
[debug] [2025-08-17T12:42:14.387Z] <<< [apiv2][body] GET https://cloudfunctions.googleapis.com/v2/projects/c----b/locations/us-central1/operations/operation-1755434474274-63c8ef043fdf0-9de6b21d-c2e4541d {"name":"projects/c----b/locations/us-central1/operations/operation-1755434474274-63c8ef043fdf0-9de6b21d-c2e4541d","metadata":{"@type":"type.googleapis.com/google.cloud.functions.v2.OperationMetadata","createTime":"2025-08-17T12:41:14.995999324Z","target":"projects/c----b/locations/us-central1/functions/api","verb":"update","cancelRequested":false,"apiVersion":"v2","requestResource":{"@type":"type.googleapis.com/google.cloud.functions.v2.Function","name":"projects/c----b/locations/us-central1/functions/api","buildConfig":{"runtime":"nodejs20","entryPoint":"api","source":{"storageSource":{"bucket":"gcf-v2-sources-182172071762-us-central1","object":"api/function-source.zip","generation":"1755434474939465"}},"environmentVariables":{"GOOGLE_NODE_RUN_SCRIPTS":""},"dockerRepository":"projects/c----b/locations/us-central1/repositories/gcf-artifacts","sourceProvenance":{"resolvedStorageSource":{"bucket":"gcf-v2-sources-182172071762-us-central1","object":"api/function-source.zip","generation":"1755433295275774"}},"dockerRegistry":"ARTIFACT_REGISTRY","serviceAccount":"projects/c----b/serviceAccounts/182172071762-compute@developer.gserviceaccount.com","automaticUpdatePolicy":{}},"serviceConfig":{"service":"projects/c----b/locations/us-central1/services/api","timeoutSeconds":60,"environmentVariables":{"FIREBASE_CONFIG":"{\"projectId\":\"c----b\",\"databaseURL\":\"https://c----b-default-rtdb.asia-southeast1.firebasedatabase.app\",\"storageBucket\":\"c----b.firebasestorage.app\"}","GCLOUD_PROJECT":"c----b","EVENTARC_CLOUD_EVENT_SOURCE":"projects/c----b/locations/us-central1/services/api","FUNCTION_TARGET":"api","LOG_EXECUTION_ID":"true"},"ingressSettings":"ALLOW_ALL","uri":"https://api-udlftof55a-uc.a.run.app","serviceAccountEmail":"182172071762-compute@developer.gserviceaccount.com","availableMemory":"256Mi","allTrafficOnLatestRevision":true,"revision":"api-00001-xoh","maxInstanceRequestConcurrency":80,"availableCpu":"1"},"state":"ACTIVE","labels":{"deployment-tool":"cli-firebase","firebase-functions-hash":"0c3ae01599118f2c0d4401b30d2839ac8ccf169c"},"environment":"GEN_2","url":"https://us-central1-c----b.cloudfunctions.net/api","satisfiesPzi":true},"stages":[{"name":"BUILD","message":"Build finished","state":"COMPLETE","resource":"projects/182172071762/locations/us-central1/builds/31872a2f-d467-4c98-b282-4c8d5ad689bc","resourceUri":"https://console.cloud.google.com/cloud-build/builds;region=us-central1/31872a2f-d467-4c98-b282-4c8d5ad689bc?project=182172071762"},{"name":"SERVICE","message":"Updating Cloud Run service","state":"IN_PROGRESS","resource":"projects/c----b/locations/us-central1/services/api","resourceUri":"https://console.cloud.google.com/run/detail/us-central1/api?project=c----b","stateMessages":[{"severity":"INFO","type":"CloudRunServiceNewRevisionTrafficInfo","message":"A new revision will be deployed serving with 100% traffic."}]}],"sourceToken":"Cldwcm9qZWN0cy8xODIxNzIwNzE3NjIvbG9jYXRpb25zL3VzLWNlbnRyYWwxL2J1aWxkcy8zMTg3MmEyZi1kNDY3LTRjOTgtYjI4Mi00YzhkNWFkNjg5YmMSV3VzLWNlbnRyYWwxLWRvY2tlci5wa2cuZGV2L2MtLS0tYi9nY2YtYXJ0aWZhY3RzL2MtLS0tLS0tLWJfX3VzLS1jZW50cmFsMV9fYXBpOnZlcnNpb25fMRjS7rTSpgUiM3Byb2plY3RzL2MtLS0tYi9sb2NhdGlvbnMvdXMtY2VudHJhbDEvZnVuY3Rpb25zL2FwaSoMCJ+ch8UGEMjWoPEBMghub2RlanMyMDp2CiNnY3IuaW8vZ2FlLXJ1bnRpbWVzL25vZGVqczIwOnN0YWJsZRJPdXMtY2VudHJhbDEtZG9ja2VyLnBrZy5kZXYvc2VydmVybGVzcy1ydW50aW1lcy9nb29nbGUtMjItZnVsbC9ydW50aW1lcy9ub2RlanMyMEAB","operationType":"UPDATE_FUNCTION","buildName":"projects/182172071762/locations/us-central1/builds/31872a2f-d467-4c98-b282-4c8d5ad689bc"},"done":false}
[debug] [2025-08-17T12:42:14.388Z] Got source token Cldwcm9qZWN0cy8xODIxNzIwNzE3NjIvbG9jYXRpb25zL3VzLWNlbnRyYWwxL2J1aWxkcy8zMTg3MmEyZi1kNDY3LTRjOTgtYjI4Mi00YzhkNWFkNjg5YmMSV3VzLWNlbnRyYWwxLWRvY2tlci5wa2cuZGV2L2MtLS0tYi9nY2YtYXJ0aWZhY3RzL2MtLS0tLS0tLWJfX3VzLS1jZW50cmFsMV9fYXBpOnZlcnNpb25fMRjS7rTSpgUiM3Byb2plY3RzL2MtLS0tYi9sb2NhdGlvbnMvdXMtY2VudHJhbDEvZnVuY3Rpb25zL2FwaSoMCJ+ch8UGEMjWoPEBMghub2RlanMyMDp2CiNnY3IuaW8vZ2FlLXJ1bnRpbWVzL25vZGVqczIwOnN0YWJsZRJPdXMtY2VudHJhbDEtZG9ja2VyLnBrZy5kZXYvc2VydmVybGVzcy1ydW50aW1lcy9nb29nbGUtMjItZnVsbC9ydW50aW1lcy9ub2RlanMyMEAB for region us-central1
[debug] [2025-08-17T12:42:24.391Z] [update-default-us-central1-api] Retrying task index 0
[debug] [2025-08-17T12:42:24.396Z] Checked if tokens are valid: true, expires at: 1755436228111
[debug] [2025-08-17T12:42:24.397Z] Checked if tokens are valid: true, expires at: 1755436228111
[debug] [2025-08-17T12:42:24.397Z] >>> [apiv2][query] GET https://cloudfunctions.googleapis.com/v2/projects/c----b/locations/us-central1/operations/operation-1755434474274-63c8ef043fdf0-9de6b21d-c2e4541d [none]
[debug] [2025-08-17T12:42:26.200Z] <<< [apiv2][status] GET https://cloudfunctions.googleapis.com/v2/projects/c----b/locations/us-central1/operations/operation-1755434474274-63c8ef043fdf0-9de6b21d-c2e4541d 200
[debug] [2025-08-17T12:42:26.200Z] <<< [apiv2][body] GET https://cloudfunctions.googleapis.com/v2/projects/c----b/locations/us-central1/operations/operation-1755434474274-63c8ef043fdf0-9de6b21d-c2e4541d {"name":"projects/c----b/locations/us-central1/operations/operation-1755434474274-63c8ef043fdf0-9de6b21d-c2e4541d","metadata":{"@type":"type.googleapis.com/google.cloud.functions.v2.OperationMetadata","createTime":"2025-08-17T12:41:14.995999324Z","endTime":"2025-08-17T12:42:16.417977670Z","target":"projects/c----b/locations/us-central1/functions/api","verb":"update","cancelRequested":false,"apiVersion":"v2","requestResource":{"@type":"type.googleapis.com/google.cloud.functions.v2.Function","name":"projects/c----b/locations/us-central1/functions/api","buildConfig":{"runtime":"nodejs20","entryPoint":"api","source":{"storageSource":{"bucket":"gcf-v2-sources-182172071762-us-central1","object":"api/function-source.zip","generation":"1755434474939465"}},"environmentVariables":{"GOOGLE_NODE_RUN_SCRIPTS":""},"dockerRepository":"projects/c----b/locations/us-central1/repositories/gcf-artifacts","sourceProvenance":{"resolvedStorageSource":{"bucket":"gcf-v2-sources-182172071762-us-central1","object":"api/function-source.zip","generation":"1755433295275774"}},"dockerRegistry":"ARTIFACT_REGISTRY","serviceAccount":"projects/c----b/serviceAccounts/182172071762-compute@developer.gserviceaccount.com","automaticUpdatePolicy":{}},"serviceConfig":{"service":"projects/c----b/locations/us-central1/services/api","timeoutSeconds":60,"environmentVariables":{"FIREBASE_CONFIG":"{\"projectId\":\"c----b\",\"databaseURL\":\"https://c----b-default-rtdb.asia-southeast1.firebasedatabase.app\",\"storageBucket\":\"c----b.firebasestorage.app\"}","GCLOUD_PROJECT":"c----b","EVENTARC_CLOUD_EVENT_SOURCE":"projects/c----b/locations/us-central1/services/api","FUNCTION_TARGET":"api","LOG_EXECUTION_ID":"true"},"ingressSettings":"ALLOW_ALL","uri":"https://api-udlftof55a-uc.a.run.app","serviceAccountEmail":"182172071762-compute@developer.gserviceaccount.com","availableMemory":"256Mi","allTrafficOnLatestRevision":true,"revision":"api-00001-xoh","maxInstanceRequestConcurrency":80,"availableCpu":"1"},"state":"ACTIVE","labels":{"deployment-tool":"cli-firebase","firebase-functions-hash":"0c3ae01599118f2c0d4401b30d2839ac8ccf169c"},"environment":"GEN_2","url":"https://us-central1-c----b.cloudfunctions.net/api","satisfiesPzi":true},"stages":[{"name":"BUILD","message":"Build finished","state":"COMPLETE","resource":"projects/182172071762/locations/us-central1/builds/31872a2f-d467-4c98-b282-4c8d5ad689bc","resourceUri":"https://console.cloud.google.com/cloud-build/builds;region=us-central1/31872a2f-d467-4c98-b282-4c8d5ad689bc?project=182172071762"},{"name":"SERVICE","message":"Updating Cloud Run service","state":"COMPLETE","resource":"projects/c----b/locations/us-central1/services/api","resourceUri":"https://console.cloud.google.com/run/detail/us-central1/api?project=c----b","stateMessages":[{"severity":"INFO","type":"CloudRunServiceNewRevisionTrafficInfo","message":"A new revision will be deployed serving with 100% traffic."}]}],"sourceToken":"Cldwcm9qZWN0cy8xODIxNzIwNzE3NjIvbG9jYXRpb25zL3VzLWNlbnRyYWwxL2J1aWxkcy8zMTg3MmEyZi1kNDY3LTRjOTgtYjI4Mi00YzhkNWFkNjg5YmMSV3VzLWNlbnRyYWwxLWRvY2tlci5wa2cuZGV2L2MtLS0tYi9nY2YtYXJ0aWZhY3RzL2MtLS0tLS0tLWJfX3VzLS1jZW50cmFsMV9fYXBpOnZlcnNpb25fMRjS7rTSpgUiM3Byb2plY3RzL2MtLS0tYi9sb2NhdGlvbnMvdXMtY2VudHJhbDEvZnVuY3Rpb25zL2FwaSoMCJ+ch8UGEMjWoPEBMghub2RlanMyMDp2CiNnY3IuaW8vZ2FlLXJ1bnRpbWVzL25vZGVqczIwOnN0YWJsZRJPdXMtY2VudHJhbDEtZG9ja2VyLnBrZy5kZXYvc2VydmVybGVzcy1ydW50aW1lcy9nb29nbGUtMjItZnVsbC9ydW50aW1lcy9ub2RlanMyMEAB","operationType":"UPDATE_FUNCTION","buildName":"projects/182172071762/locations/us-central1/builds/31872a2f-d467-4c98-b282-4c8d5ad689bc"},"done":true,"response":{"@type":"type.googleapis.com/google.cloud.functions.v2.Function","name":"projects/c----b/locations/us-central1/functions/api","buildConfig":{"build":"projects/182172071762/locations/us-central1/builds/31872a2f-d467-4c98-b282-4c8d5ad689bc","runtime":"nodejs20","entryPoint":"api","source":{"storageSource":{"bucket":"gcf-v2-sources-182172071762-us-central1","object":"api/function-source.zip","generation":"1755434474939465"}},"environmentVariables":{"GOOGLE_NODE_RUN_SCRIPTS":""},"dockerRepository":"projects/c----b/locations/us-central1/repositories/gcf-artifacts","sourceProvenance":{"resolvedStorageSource":{"bucket":"gcf-v2-sources-182172071762-us-central1","object":"api/function-source.zip","generation":"1755434474939465"}},"dockerRegistry":"ARTIFACT_REGISTRY","serviceAccount":"projects/c----b/serviceAccounts/182172071762-compute@developer.gserviceaccount.com","automaticUpdatePolicy":{}},"serviceConfig":{"service":"projects/c----b/locations/us-central1/services/api","timeoutSeconds":60,"environmentVariables":{"FIREBASE_CONFIG":"{\"projectId\":\"c----b\",\"databaseURL\":\"https://c----b-default-rtdb.asia-southeast1.firebasedatabase.app\",\"storageBucket\":\"c----b.firebasestorage.app\"}","GCLOUD_PROJECT":"c----b","EVENTARC_CLOUD_EVENT_SOURCE":"projects/c----b/locations/us-central1/services/api","FUNCTION_TARGET":"api","LOG_EXECUTION_ID":"true"},"maxInstanceCount":20,"ingressSettings":"ALLOW_ALL","uri":"https://api-udlftof55a-uc.a.run.app","serviceAccountEmail":"182172071762-compute@developer.gserviceaccount.com","availableMemory":"256Mi","allTrafficOnLatestRevision":true,"revision":"api-00002-xeh","maxInstanceRequestConcurrency":80,"availableCpu":"1"},"state":"ACTIVE","updateTime":"2025-08-17T12:41:14.999106014Z","labels":{"deployment-tool":"cli-firebase","firebase-functions-hash":"0c3ae01599118f2c0d4401b30d2839ac8ccf169c"},"environment":"GEN_2","url":"https://us-central1-c----b.cloudfunctions.net/api","createTime":"2025-08-17T12:21:35.625827005Z","satisfiesPzi":true}}
[debug] [2025-08-17T12:42:26.200Z] Got source token Cldwcm9qZWN0cy8xODIxNzIwNzE3NjIvbG9jYXRpb25zL3VzLWNlbnRyYWwxL2J1aWxkcy8zMTg3MmEyZi1kNDY3LTRjOTgtYjI4Mi00YzhkNWFkNjg5YmMSV3VzLWNlbnRyYWwxLWRvY2tlci5wa2cuZGV2L2MtLS0tYi9nY2YtYXJ0aWZhY3RzL2MtLS0tLS0tLWJfX3VzLS1jZW50cmFsMV9fYXBpOnZlcnNpb25fMRjS7rTSpgUiM3Byb2plY3RzL2MtLS0tYi9sb2NhdGlvbnMvdXMtY2VudHJhbDEvZnVuY3Rpb25zL2FwaSoMCJ+ch8UGEMjWoPEBMghub2RlanMyMDp2CiNnY3IuaW8vZ2FlLXJ1bnRpbWVzL25vZGVqczIwOnN0YWJsZRJPdXMtY2VudHJhbDEtZG9ja2VyLnBrZy5kZXYvc2VydmVybGVzcy1ydW50aW1lcy9nb29nbGUtMjItZnVsbC9ydW50aW1lcy9ub2RlanMyMEAB for region us-central1
[info] ✔  functions[api(us-central1)] Successful update operation. 
[debug] [2025-08-17T12:42:26.223Z] Total Function Deployment time: 73265
[debug] [2025-08-17T12:42:26.224Z] 1 Functions Deployed
[debug] [2025-08-17T12:42:26.224Z] 0 Functions Errored
[debug] [2025-08-17T12:42:26.224Z] 0 Function Deployments Aborted
[debug] [2025-08-17T12:42:26.224Z] Average Function Deployment time: 73264
[info] Function URL (api(us-central1)): https://api-udlftof55a-uc.a.run.app
[debug] [2025-08-17T12:42:26.638Z] Checked if tokens are valid: true, expires at: 1755436228111
[debug] [2025-08-17T12:42:26.638Z] Checked if tokens are valid: true, expires at: 1755436228111
[debug] [2025-08-17T12:42:26.638Z] >>> [apiv2][query] GET https://artifactregistry.googleapis.com/v1/projects/c----b/locations/us-central1/repositories/gcf-artifacts [none]
[debug] [2025-08-17T12:42:28.403Z] <<< [apiv2][status] GET https://artifactregistry.googleapis.com/v1/projects/c----b/locations/us-central1/repositories/gcf-artifacts 200
[debug] [2025-08-17T12:42:28.403Z] <<< [apiv2][body] GET https://artifactregistry.googleapis.com/v1/projects/c----b/locations/us-central1/repositories/gcf-artifacts {"name":"projects/c----b/locations/us-central1/repositories/gcf-artifacts","format":"DOCKER","description":"This repository is created and used by Cloud Functions for storing function docker images.","labels":{"goog-managed-by":"cloudfunctions"},"createTime":"2025-08-17T12:21:44.356542Z","updateTime":"2025-08-17T12:42:00.679342Z","mode":"STANDARD_REPOSITORY","cleanupPolicies":{"firebase-functions-cleanup":{"id":"firebase-functions-cleanup","action":"DELETE","condition":{"tagState":"ANY","olderThan":"86400s"}}},"sizeBytes":"100089086","vulnerabilityScanningConfig":{"lastEnableTime":"2025-08-17T12:21:35.833484476Z","enablementState":"SCANNING_DISABLED","enablementStateReason":"API containerscanning.googleapis.com is not enabled."},"satisfiesPzi":true,"registryUri":"us-central1-docker.pkg.dev/c----b/gcf-artifacts"}
[info] 
[info] ✔  Deploy complete! 
[info] 
[info] Project Console: https://console.firebase.google.com/project/c----b/overview
